<?xml version="1.0" encoding="UTF-8"?>
<!-- Generated by org.testng.reporters.JUnitReportReporter -->
<testsuite skipped="0" hostname="Sravan-Laptop" name="runner.RunCarWale" tests="1" failures="0" timestamp="2020-06-05T00:23:10 IST" time="0.195" errors="1">
  <testcase name="runScenario" time="0.195" classname="runner.RunCarWale">
    <error type="java.lang.NullPointerException">
      <![CDATA[java.lang.NullPointerException
at stepDefinitions.CarWaleLowestKMCar.goToHttpsWwwCarwaleCom(CarWaleLowestKMCar.java:25)
at ✽.Go to https://www.carwale.com/(file:src/test/java/features/Carwale.feature:5)
]]>
    </error>
  </testcase> <!-- runScenario -->
  <system-out/>
</testsuite> <!-- runner.RunCarWale -->
