<?xml version="1.0" encoding="UTF-8"?>
<testng-results skipped="0" failed="1" ignored="0" total="1" passed="0">
  <reporter-output>
  </reporter-output>
  <suite name="Default suite" duration-ms="448" started-at="2020-06-05T00:23:10 IST" finished-at="2020-06-05T00:23:10 IST">
    <groups>
      <group name="cucumber">
        <method signature="AbstractTestNGCucumberTests.runScenario(cucumber.api.testng.PickleEventWrapper, cucumber.api.testng.CucumberFeatureWrapper)[pri:0, instance:runner.RunCarWale@7113b13f]" name="runScenario" class="cucumber.api.testng.AbstractTestNGCucumberTests"/>
      </group> <!-- cucumber -->
    </groups>
    <test name="Default test" duration-ms="448" started-at="2020-06-05T00:23:10 IST" finished-at="2020-06-05T00:23:10 IST">
      <class name="runner.RunCarWale">
        <test-method status="PASS" signature="setUpClass()[pri:0, instance:runner.RunCarWale@7113b13f]" name="setUpClass" is-config="true" duration-ms="148" started-at="2020-06-05T00:23:10 IST" finished-at="2020-06-05T00:23:10 IST">
          <reporter-output>
          </reporter-output>
        </test-method> <!-- setUpClass -->
        <test-method status="FAIL" signature="runScenario(cucumber.api.testng.PickleEventWrapper, cucumber.api.testng.CucumberFeatureWrapper)[pri:0, instance:runner.RunCarWale@7113b13f]" name="runScenario" duration-ms="195" started-at="2020-06-05T00:23:10 IST" description="Runs Cucumber Scenarios" data-provider="scenarios" finished-at="2020-06-05T00:23:10 IST">
          <params>
            <param index="0">
              <value>
                <![CDATA["Lowest KM Car"]]>
              </value>
            </param>
            <param index="1">
              <value>
                <![CDATA["CarWale"]]>
              </value>
            </param>
          </params>
          <exception class="java.lang.NullPointerException">
            <full-stacktrace>
              <![CDATA[java.lang.NullPointerException
at stepDefinitions.CarWaleLowestKMCar.goToHttpsWwwCarwaleCom(CarWaleLowestKMCar.java:25)
at ✽.Go to https://www.carwale.com/(file:src/test/java/features/Carwale.feature:5)
]]>
            </full-stacktrace>
          </exception> <!-- java.lang.NullPointerException -->
          <reporter-output>
          </reporter-output>
        </test-method> <!-- runScenario -->
        <test-method status="PASS" signature="tearDownClass()[pri:0, instance:runner.RunCarWale@7113b13f]" name="tearDownClass" is-config="true" duration-ms="21" started-at="2020-06-05T00:23:10 IST" finished-at="2020-06-05T00:23:10 IST">
          <reporter-output>
          </reporter-output>
        </test-method> <!-- tearDownClass -->
      </class> <!-- runner.RunCarWale -->
    </test> <!-- Default test -->
  </suite> <!-- Default suite -->
</testng-results>
