<?xml version="1.0" encoding="UTF-8"?>
<!-- Generated by org.testng.reporters.JUnitXMLReporter -->
<testsuite hostname="Sravan-Laptop" ignored="0" name="Default test" tests="1" failures="1" timestamp="2020-06-05T00:23:10 IST" time="0.448" errors="0">
  <testcase name="runScenario" time="0.195" classname="cucumber.api.testng.AbstractTestNGCucumberTests">
    <failure type="java.lang.NullPointerException">
      <![CDATA[java.lang.NullPointerException
at stepDefinitions.CarWaleLowestKMCar.goToHttpsWwwCarwaleCom(CarWaleLowestKMCar.java:25)
at ✽.Go to https://www.carwale.com/(file:src/test/java/features/Carwale.feature:5)
]]>
    </failure>
  </testcase> <!-- runScenario -->
</testsuite> <!-- Default test -->
